Swift trunk git-rev: 2d334140f2c288e5aeb3d354de0ecda35b4b3aac heads/master 6130 (modified locally)
RunID: run016
Progress: Sat, 25 Oct 2014 09:11:27+0000
Progress: Sat, 25 Oct 2014 09:11:28+0000  Stage in:4  Submitted:7
Progress: Sat, 25 Oct 2014 09:11:58+0000  Stage in:4  Submitted:7
Progress: Sat, 25 Oct 2014 09:12:28+0000  Stage in:4  Submitted:7
Progress: Sat, 25 Oct 2014 09:12:40+0000  Stage in:3  Submitted:7  Active:1
Progress: Sat, 25 Oct 2014 09:12:42+0000  Stage in:2  Submitted:7  Active:2
Progress: Sat, 25 Oct 2014 09:12:43+0000  Stage in:1  Submitted:7  Active:3
Progress: Sat, 25 Oct 2014 09:12:46+0000  Submitted:7  Active:4
Progress: Sat, 25 Oct 2014 09:13:16+0000  Submitted:7  Active:4
Progress: Sat, 25 Oct 2014 09:13:46+0000  Submitted:7  Active:4
Progress: Sat, 25 Oct 2014 09:14:16+0000  Submitted:7  Active:4
Progress: Sat, 25 Oct 2014 09:14:46+0000  Submitted:7  Active:4
Progress: Sat, 25 Oct 2014 09:15:16+0000  Submitted:7  Active:4
Progress: Sat, 25 Oct 2014 09:15:46+0000  Submitted:7  Active:4
Progress: Sat, 25 Oct 2014 09:16:16+0000  Submitted:7  Active:4
Progress: Sat, 25 Oct 2014 09:16:46+0000  Submitted:7  Active:4
Progress: Sat, 25 Oct 2014 09:17:08+0000  Stage in:1  Submitted:6  Active:3  Finished successfully:1
Progress: Sat, 25 Oct 2014 09:17:17+0000  Stage in:1  Submitted:6  Active:2  Stage out:1  Finished successfully:1
Progress: Sat, 25 Oct 2014 09:17:18+0000  Stage in:3  Submitted:4  Active:1  Finished successfully:3
Progress: Sat, 25 Oct 2014 09:17:30+0000  Stage in:4  Submitted:3  Finished successfully:4
Progress: Sat, 25 Oct 2014 09:18:00+0000  Stage in:4  Submitted:3  Finished successfully:4
Progress: Sat, 25 Oct 2014 09:18:22+0000  Stage in:3  Submitted:3  Active:1  Finished successfully:4
Progress: Sat, 25 Oct 2014 09:18:29+0000  Stage in:2  Submitted:3  Active:2  Finished successfully:4
Progress: Sat, 25 Oct 2014 09:18:31+0000  Stage in:1  Submitted:3  Active:3  Finished successfully:4
Progress: Sat, 25 Oct 2014 09:18:43+0000  Submitted:3  Active:4  Finished successfully:4
Progress: Sat, 25 Oct 2014 09:19:13+0000  Submitted:3  Active:4  Finished successfully:4
Progress: Sat, 25 Oct 2014 09:19:43+0000  Submitted:3  Active:4  Finished successfully:4
Progress: Sat, 25 Oct 2014 09:20:13+0000  Submitted:3  Active:4  Finished successfully:4
Progress: Sat, 25 Oct 2014 09:20:43+0000  Submitted:3  Active:4  Finished successfully:4
Progress: Sat, 25 Oct 2014 09:21:05+0000  Stage in:1  Submitted:2  Active:3  Finished successfully:5
Progress: Sat, 25 Oct 2014 09:21:19+0000  Stage in:2  Submitted:1  Active:2  Finished successfully:6
Progress: Sat, 25 Oct 2014 09:21:37+0000  Stage in:1  Submitted:1  Active:3  Finished successfully:6
Progress: Sat, 25 Oct 2014 09:22:07+0000  Stage in:1  Submitted:1  Active:3  Finished successfully:6

Execution failed:
Exception in bash:
    Arguments: [wordcount.sh, inputs/output-aj.txt]
    Host: cloud-static
    Directory: wordcount-run016/jobs/c/bash-cma6gbzl
	exception @ swift-int-staging.k, line: 167
Caused by: Could not write to file: No space left on device

	k:assign @ swift.k, line: 171
Caused by: Exception in bash:
    Arguments: [wordcount.sh, inputs/output-aj.txt]
    Host: cloud-static
    Directory: wordcount-run016/jobs/c/bash-cma6gbzl
	exception @ swift-int-staging.k, line: 167
Caused by: Could not write to file: No space left on device

