Swift trunk git-rev: 2d334140f2c288e5aeb3d354de0ecda35b4b3aac heads/master 6130 (modified locally)
RunID: run013
Progress: Sat, 25 Oct 2014 08:33:07+0000
Progress: Sat, 25 Oct 2014 08:33:08+0000  Stage in:11
Progress: Sat, 25 Oct 2014 08:33:38+0000  Stage in:11
Progress: Sat, 25 Oct 2014 08:34:08+0000  Stage in:11
Progress: Sat, 25 Oct 2014 08:34:20+0000  Stage in:10  Active:1
Progress: Sat, 25 Oct 2014 08:34:50+0000  Stage in:10  Active:1
Progress: Sat, 25 Oct 2014 08:35:20+0000  Stage in:10  Active:1
Progress: Sat, 25 Oct 2014 08:35:50+0000  Stage in:10  Active:1
Progress: Sat, 25 Oct 2014 08:35:56+0000  Stage in:9  Active:2
Progress: Sat, 25 Oct 2014 08:35:58+0000  Stage in:8  Active:3
Progress: Sat, 25 Oct 2014 08:35:59+0000  Stage in:2  Active:9
Progress: Sat, 25 Oct 2014 08:36:00+0000  Stage in:1  Active:10
Progress: Sat, 25 Oct 2014 08:36:01+0000  Active:10  Finished successfully:1
Progress: Sat, 25 Oct 2014 08:36:31+0000  Active:10  Finished successfully:1
Progress: Sat, 25 Oct 2014 08:37:01+0000  Active:10  Finished successfully:1
Progress: Sat, 25 Oct 2014 08:37:31+0000  Active:10  Finished successfully:1
Progress: Sat, 25 Oct 2014 08:38:01+0000  Active:10  Finished successfully:1
Progress: Sat, 25 Oct 2014 08:38:31+0000  Active:10  Finished successfully:1
Progress: Sat, 25 Oct 2014 08:39:01+0000  Active:10  Finished successfully:1
Progress: Sat, 25 Oct 2014 08:39:31+0000  Active:10  Finished successfully:1
Progress: Sat, 25 Oct 2014 08:40:01+0000  Active:10  Finished successfully:1
Progress: Sat, 25 Oct 2014 08:40:18+0000  Active:9  Stage out:1  Finished successfully:1
Progress: Sat, 25 Oct 2014 08:40:19+0000  Active:9  Finished successfully:2
Progress: Sat, 25 Oct 2014 08:40:22+0000  Active:8  Stage out:1  Finished successfully:2
Progress: Sat, 25 Oct 2014 08:40:23+0000  Active:7  Stage out:1  Finished successfully:3
Progress: Sat, 25 Oct 2014 08:40:24+0000  Active:7  Finished successfully:4
Progress: Sat, 25 Oct 2014 08:40:25+0000  Active:6  Finished successfully:5
Progress: Sat, 25 Oct 2014 08:40:26+0000  Active:5  Finished successfully:6
Progress: Sat, 25 Oct 2014 08:40:28+0000  Active:4  Stage out:1  Finished successfully:6
Progress: Sat, 25 Oct 2014 08:40:29+0000  Active:4  Finished successfully:7
Progress: Sat, 25 Oct 2014 08:40:30+0000  Active:2  Stage out:1  Finished successfully:8
Progress: Sat, 25 Oct 2014 08:40:31+0000  Active:2  Finished successfully:9
Progress: Sat, 25 Oct 2014 08:40:32+0000  Active:1  Stage out:1  Finished successfully:9
Progress: Sat, 25 Oct 2014 08:40:33+0000  Active:1  Finished successfully:10
Progress: Sat, 25 Oct 2014 08:40:34+0000  Stage out:1  Finished successfully:10
Progress: Sat, 25 Oct 2014 08:40:35+0000  Stage in:1  Finished successfully:11
Progress: Sat, 25 Oct 2014 08:40:44+0000  Active:1  Finished successfully:11
Progress: Sat, 25 Oct 2014 08:40:57+0000  Stage out:1  Finished successfully:11
Final status:Sat, 25 Oct 2014 08:40:58+0000  Finished successfully:12
