Swift trunk git-rev: 2d334140f2c288e5aeb3d354de0ecda35b4b3aac heads/master 6130 (modified locally)
RunID: run015
Progress: Sat, 25 Oct 2014 08:56:40+0000
Progress: Sat, 25 Oct 2014 08:56:41+0000  Stage in:8  Submitted:3
Progress: Sat, 25 Oct 2014 08:57:11+0000  Stage in:8  Submitted:3
Progress: Sat, 25 Oct 2014 08:57:41+0000  Stage in:8  Submitted:3
Progress: Sat, 25 Oct 2014 08:58:11+0000  Stage in:8  Submitted:3
Progress: Sat, 25 Oct 2014 08:58:41+0000  Stage in:8  Submitted:3
Progress: Sat, 25 Oct 2014 08:58:49+0000  Stage in:7  Submitted:3  Active:1
Progress: Sat, 25 Oct 2014 08:58:51+0000  Stage in:5  Submitted:3  Active:3
Progress: Sat, 25 Oct 2014 08:58:52+0000  Stage in:2  Submitted:3  Active:6
Progress: Sat, 25 Oct 2014 08:58:53+0000  Stage in:1  Submitted:3  Active:7
Progress: Sat, 25 Oct 2014 08:58:55+0000  Submitted:3  Active:8
Progress: Sat, 25 Oct 2014 08:59:25+0000  Submitted:3  Active:8
Progress: Sat, 25 Oct 2014 08:59:55+0000  Submitted:3  Active:8
Progress: Sat, 25 Oct 2014 09:00:25+0000  Submitted:3  Active:8
Progress: Sat, 25 Oct 2014 09:00:55+0000  Submitted:3  Active:8
Progress: Sat, 25 Oct 2014 09:01:25+0000  Submitted:3  Active:8
Progress: Sat, 25 Oct 2014 09:01:55+0000  Submitted:3  Active:8
Progress: Sat, 25 Oct 2014 09:02:25+0000  Submitted:3  Active:8
Progress: Sat, 25 Oct 2014 09:02:55+0000  Submitted:3  Active:8
Progress: Sat, 25 Oct 2014 09:03:08+0000  Stage in:1  Submitted:2  Active:7  Finished successfully:1
Progress: Sat, 25 Oct 2014 09:03:17+0000  Stage in:2  Submitted:1  Active:6  Finished successfully:2
Progress: Sat, 25 Oct 2014 09:03:20+0000  Stage in:2  Submitted:1  Active:4  Stage out:2  Finished successfully:2
Progress: Sat, 25 Oct 2014 09:03:21+0000  Stage in:3  Active:4  Finished successfully:4
Progress: Sat, 25 Oct 2014 09:03:23+0000  Stage in:3  Active:3  Stage out:1  Finished successfully:4
Progress: Sat, 25 Oct 2014 09:03:24+0000  Stage in:3  Active:1  Stage out:1  Finished successfully:6
Progress: Sat, 25 Oct 2014 09:03:25+0000  Stage in:3  Active:1  Finished successfully:7
Progress: Sat, 25 Oct 2014 09:03:26+0000  Stage in:3  Finished successfully:8
Progress: Sat, 25 Oct 2014 09:03:47+0000  Stage in:2  Active:1  Finished successfully:8
Progress: Sat, 25 Oct 2014 09:04:17+0000  Stage in:2  Active:1  Finished successfully:8
Progress: Sat, 25 Oct 2014 09:04:22+0000  Stage in:1  Active:2  Finished successfully:8
Progress: Sat, 25 Oct 2014 09:04:35+0000  Active:3  Finished successfully:8
Progress: Sat, 25 Oct 2014 09:05:05+0000  Active:3  Finished successfully:8
Progress: Sat, 25 Oct 2014 09:05:28+0000  Active:2  Finished successfully:9
Progress: Sat, 25 Oct 2014 09:05:58+0000  Active:2  Finished successfully:9
Progress: Sat, 25 Oct 2014 09:06:28+0000  Active:2  Finished successfully:9
Progress: Sat, 25 Oct 2014 09:06:58+0000  Active:2  Finished successfully:9
Progress: Sat, 25 Oct 2014 09:07:28+0000  Active:2  Finished successfully:9
Progress: Sat, 25 Oct 2014 09:07:58+0000  Active:2  Finished successfully:9
Progress: Sat, 25 Oct 2014 09:08:28+0000  Active:2  Finished successfully:9
Progress: Sat, 25 Oct 2014 09:08:45+0000  Active:1  Finished successfully:10
Progress: Sat, 25 Oct 2014 09:09:15+0000  Active:1  Finished successfully:10
Progress: Sat, 25 Oct 2014 09:09:17+0000  Submitted:1  Finished successfully:11
Progress: Sat, 25 Oct 2014 09:09:18+0000  Stage in:1  Finished successfully:11
Progress: Sat, 25 Oct 2014 09:09:27+0000  Active:1  Finished successfully:11
Progress: Sat, 25 Oct 2014 09:09:40+0000  Stage out:1  Finished successfully:11
Final status:Sat, 25 Oct 2014 09:09:41+0000  Finished successfully:12
