Swift trunk git-rev: 2d334140f2c288e5aeb3d354de0ecda35b4b3aac heads/master 6130 (modified locally)
RunID: run014
Progress: Sat, 25 Oct 2014 08:45:11+0000
Progress: Sat, 25 Oct 2014 08:45:12+0000  Stage in:11
Progress: Sat, 25 Oct 2014 08:45:42+0000  Stage in:11
Progress: Sat, 25 Oct 2014 08:46:12+0000  Stage in:11
Progress: Sat, 25 Oct 2014 08:46:20+0000  Stage in:10  Active:1
Progress: Sat, 25 Oct 2014 08:46:50+0000  Stage in:10  Active:1
Progress: Sat, 25 Oct 2014 08:47:20+0000  Stage in:10  Active:1
Progress: Sat, 25 Oct 2014 08:47:50+0000  Stage in:10  Active:1
Progress: Sat, 25 Oct 2014 08:48:00+0000  Stage in:9  Active:2
Progress: Sat, 25 Oct 2014 08:48:01+0000  Stage in:8  Active:2  Finished successfully:1
Progress: Sat, 25 Oct 2014 08:48:02+0000  Stage in:6  Active:4  Finished successfully:1
Progress: Sat, 25 Oct 2014 08:48:03+0000  Stage in:2  Active:8  Finished successfully:1
Progress: Sat, 25 Oct 2014 08:48:04+0000  Stage in:1  Active:9  Finished successfully:1
Progress: Sat, 25 Oct 2014 08:48:06+0000  Active:10  Finished successfully:1
Progress: Sat, 25 Oct 2014 08:48:36+0000  Active:10  Finished successfully:1
Progress: Sat, 25 Oct 2014 08:49:06+0000  Active:10  Finished successfully:1
Progress: Sat, 25 Oct 2014 08:49:36+0000  Active:10  Finished successfully:1
Progress: Sat, 25 Oct 2014 08:50:06+0000  Active:10  Finished successfully:1
Progress: Sat, 25 Oct 2014 08:50:36+0000  Active:10  Finished successfully:1
Progress: Sat, 25 Oct 2014 08:51:06+0000  Active:10  Finished successfully:1
Progress: Sat, 25 Oct 2014 08:51:36+0000  Active:10  Finished successfully:1
Progress: Sat, 25 Oct 2014 08:52:06+0000  Active:10  Finished successfully:1
Progress: Sat, 25 Oct 2014 08:52:21+0000  Active:9  Stage out:1  Finished successfully:1
Progress: Sat, 25 Oct 2014 08:52:22+0000  Active:9  Finished successfully:2
Progress: Sat, 25 Oct 2014 08:52:27+0000  Active:8  Finished successfully:3
Progress: Sat, 25 Oct 2014 08:52:28+0000  Active:6  Finished successfully:5
Progress: Sat, 25 Oct 2014 08:52:29+0000  Active:5  Finished successfully:6
Progress: Sat, 25 Oct 2014 08:52:31+0000  Active:4  Finished successfully:7
Progress: Sat, 25 Oct 2014 08:52:33+0000  Active:3  Stage out:1  Finished successfully:7
Progress: Sat, 25 Oct 2014 08:52:34+0000  Active:2  Finished successfully:9
Progress: Sat, 25 Oct 2014 08:52:35+0000  Active:1  Finished successfully:10
Progress: Sat, 25 Oct 2014 08:52:36+0000  Stage out:1  Finished successfully:10
Progress: Sat, 25 Oct 2014 08:52:37+0000  Stage in:1  Finished successfully:11
Progress: Sat, 25 Oct 2014 08:52:46+0000  Active:1  Finished successfully:11
Progress: Sat, 25 Oct 2014 08:52:58+0000  Stage out:1  Finished successfully:11
Final status:Sat, 25 Oct 2014 08:53:00+0000  Finished successfully:12
