2014-10-25 08:24:39,394+0000 INFO  Loader JAVA Oracle Corporation Java HotSpot(TM) 64-Bit Server VM 1.7.0_51
2014-10-25 08:24:39,399+0000 INFO  Loader VERSION Swift trunk git-rev: 2d334140f2c288e5aeb3d354de0ecda35b4b3aac heads/master 6130 (modified locally)
2014-10-25 08:24:39,399+0000 INFO  Loader RUN_ID run008
2014-10-25 08:24:39,399+0000 INFO  Loader ARGUMENTS [-runid, run008, -logfile, /home/ubuntu/data/swift-cloud-tutorial/wcount/run008/swift.log, wordcount.swift]
2014-10-25 08:24:39,400+0000 INFO  Loader MAX_HEAP 954728448
2014-10-25 08:24:39,400+0000 INFO  Loader GLOBUS_HOSTNAME ip-172-31-2-223
2014-10-25 08:24:39,400+0000 INFO  Loader CWD /home/ubuntu/data/swift-cloud-tutorial/wcount/.
2014-10-25 08:24:39,403+0000 DEBUG Loader SWIFT_CONFIGURATION 
[D] /usr/local/bin/swift-trunk/etc/swift.conf
[R] swift.conf
[C] <Command Line>
{
    TCPPortRange: "50000, 50100"                            # [D] line 27
    alwaysTransferWrapperLog: true                          # [R] line 42
    executionRetries: 0                                     # [R] line 39
    fileOperationsThrottle: 8                               # [D] line 121
    fileTransfersThrottle: 4                                # [D] line 107
    hostJobSubmitThrottle: 2                                # [D] line 95
    jobSubmitThrottle: 4                                    # [D] line 83
    keepSiteDir: true                                       # [R] line 40
    lazyErrors: false                                       # [R] line 38
    logProvenance: false                                    # [D] line 200
    maxForeachThreads: 16384                                # [D] line 194
    providerStagingPinSwiftFiles: false                     # [R] line 41
    replicationEnabled: false                               # [D] line 146
    replicationLimit: 3                                     # [D] line 157
    replicationMinQueueTime: 60                             # [D] line 153
	site {
		cloud-static {
            app.ALL.executable: "*"                         # [R] line 34
			execution {
                URL: "http://127.0.0.1:50010"               # [R] line 21
                jobManager: "local:local"                   # [R] line 22
				options {
                    maxJobs: 10                             # [R] line 24
                    tasksPerNode: 4                         # [R] line 25
				}
                type: "coaster-persistent"                  # [R] line 20
			}
            filesystem.type: "local"                        # [R] line 31
            initialParallelTasks: 20                        # [R] line 29
            maxParallelTasks: 20                            # [R] line 30
            staging: "local"                                # [R] line 33
            workDirectory: "/tmp/swiftwork"                 # [R] line 32
		}
		local {
            app.ALL.executable: "*"                         # [R] line 15
			execution {
                URL: "localhost"                            # [R] line 10
                type: "local"                               # [R] line 9
			}
			filesystem {
                URL: "localhost"                            # [R] line 6
                type: "local"                               # [R] line 5
			}
            initialParallelTasks: 31                        # [R] line 14
            maxParallelTasks: 32                            # [R] line 13
            workDirectory: "/tmp/ubuntu/swiftwork"          # [C]
		}
	}
    sites: [cloud-static]                                   # [R] line 1
    tracingEnabled: false                                   # [D] line 51
}

2014-10-25 08:24:39,408+0000 DEBUG textfiles BEGIN SWIFTSCRIPT:
type file;

app (file out, file log) count_words (file input, file wordcount_script)
{
  bash @wordcount_script @input stdout=@out stderr=@log;
}

app (file out, file log) merge (file s[], file merge_script)
{
  bash @merge_script filenames(s) stdout=@out stderr=@log;
}

int nbooks = toInt(arg("nbooks", "5"));

file wordcount_script <"wordcount.sh">;
file merge_script     <"merge.sh">;

file books[]    <filesys_mapper; location="inputs", suffix=".txt">;
file wc_inter[];

foreach book,i in books
{
  file wc_out <single_file_mapper; file=strcat("output/sim_",i,".out")>;
  file wc_log <single_file_mapper; file=strcat("output/sim_",i,".log")>;
  (wc_out, wc_log) = count_words (books[i], wordcount_script);
  wc_inter[i] = wc_out;
}

file merge_out<"output/all_books.out">;
file merge_log<"output/all_books.log">;
(merge_out, merge_log) = merge(wc_inter, merge_script);



2014-10-25 08:24:39,408+0000 DEBUG textfiles END SWIFTSCRIPT:
2014-10-25 08:24:39,408+0000 INFO  Loader wordcount.swift: source file is new. Recompiling.
2014-10-25 08:24:41,403+0000 INFO  Loader RUN_START
2014-10-25 08:24:41,406+0000 INFO  SwiftExecutor swift.home = /usr/local/bin/swift-trunk
2014-10-25 08:24:41,435+0000 INFO  AbstractScheduler Setting resources to: {cloud-static=cloud-static}
2014-10-25 08:24:41,443+0000 INFO  GlobalSubmitQueue No global submit throttle set. Using default (1024)
2014-10-25 08:24:41,457+0000 INFO  LateBindingScheduler jobs queued: 0
2014-10-25 08:24:41,458+0000 INFO  LateBindingScheduler jobs queued: 0
2014-10-25 08:24:41,487+0000 INFO  RuntimeStats$ProgressTicker HeapMax: 954728448, CrtHeap: 75497472, UsedHeap: 21110048, JVMThreads: 14
2014-10-25 08:24:41,488+0000 INFO  RuntimeStats$ProgressTicker 
2014-10-25 08:24:41,491+0000 DEBUG swift PROCEDURE line=8 thread=R-4 name=merge
2014-10-25 08:24:41,495+0000 DEBUG swift FOREACH_IT_START line=21 thread=R-3-0
2014-10-25 08:24:41,495+0000 DEBUG swift SCOPE thread=R-3-0
2014-10-25 08:24:41,495+0000 DEBUG swift FOREACH_IT_START line=21 thread=R-3-1
2014-10-25 08:24:41,495+0000 DEBUG swift SCOPE thread=R-3-1
2014-10-25 08:24:41,495+0000 DEBUG swift FOREACH_IT_START line=21 thread=R-3-2
2014-10-25 08:24:41,495+0000 DEBUG swift SCOPE thread=R-3-2
2014-10-25 08:24:41,496+0000 DEBUG swift FOREACH_IT_START line=21 thread=R-3x2
2014-10-25 08:24:41,496+0000 DEBUG swift SCOPE thread=R-3x2
2014-10-25 08:24:41,496+0000 DEBUG swift FOREACH_IT_START line=21 thread=R-3-4
2014-10-25 08:24:41,496+0000 DEBUG swift SCOPE thread=R-3-4
2014-10-25 08:24:41,496+0000 DEBUG swift FOREACH_IT_START line=21 thread=R-3-5
2014-10-25 08:24:41,496+0000 DEBUG swift SCOPE thread=R-3-5
2014-10-25 08:24:41,497+0000 DEBUG swift FOREACH_IT_START line=21 thread=R-3-6
2014-10-25 08:24:41,497+0000 DEBUG swift SCOPE thread=R-3-6
2014-10-25 08:24:41,497+0000 DEBUG swift FOREACH_IT_START line=21 thread=R-3-7
2014-10-25 08:24:41,497+0000 DEBUG swift SCOPE thread=R-3-7
2014-10-25 08:24:41,497+0000 DEBUG swift FOREACH_IT_START line=21 thread=R-3-8
2014-10-25 08:24:41,497+0000 DEBUG swift SCOPE thread=R-3-8
2014-10-25 08:24:41,498+0000 DEBUG swift FOREACH_IT_START line=21 thread=R-3-9
2014-10-25 08:24:41,498+0000 DEBUG swift SCOPE thread=R-3-9
2014-10-25 08:24:41,498+0000 DEBUG swift FOREACH_IT_START line=21 thread=R-3-10
2014-10-25 08:24:41,498+0000 DEBUG swift SCOPE thread=R-3-10
2014-10-25 08:24:41,499+0000 DEBUG swift PROCEDURE line=3 thread=R-3-0-2 name=count_words
2014-10-25 08:24:41,501+0000 DEBUG swift PROCEDURE line=3 thread=R-3-1-2 name=count_words
2014-10-25 08:24:41,502+0000 DEBUG swift PROCEDURE line=3 thread=R-3-2x2 name=count_words
2014-10-25 08:24:41,503+0000 DEBUG swift PROCEDURE line=3 thread=R-3x2-2 name=count_words
2014-10-25 08:24:41,507+0000 DEBUG swift PROCEDURE line=3 thread=R-3-4-2 name=count_words
2014-10-25 08:24:41,508+0000 DEBUG swift PROCEDURE line=3 thread=R-3-5-2 name=count_words
2014-10-25 08:24:41,508+0000 DEBUG swift PROCEDURE line=3 thread=R-3-6-2 name=count_words
2014-10-25 08:24:41,509+0000 DEBUG swift PROCEDURE line=3 thread=R-3-7-2 name=count_words
2014-10-25 08:24:41,510+0000 DEBUG swift PROCEDURE line=3 thread=R-3-8-2 name=count_words
2014-10-25 08:24:41,510+0000 DEBUG swift PROCEDURE line=3 thread=R-3-9-2 name=count_words
2014-10-25 08:24:41,511+0000 DEBUG swift PROCEDURE line=3 thread=R-3-10-2 name=count_words
2014-10-25 08:24:41,513+0000 DEBUG swift THREAD_ASSOCIATION jobid=bash-kfuaebzl thread=R-3-4-2 host=cloud-static replicationGroup=null
2014-10-25 08:24:41,513+0000 DEBUG swift THREAD_ASSOCIATION jobid=bash-lfuaebzl thread=R-3-5-2 host=cloud-static replicationGroup=null
2014-10-25 08:24:41,514+0000 DEBUG swift JOB_START jobid=bash-lfuaebzl tr=bash arguments=[wordcount.sh, inputs/output-af.txt] tmpdir=wordcount-run008/jobs/l/bash-lfuaebzl host=cloud-static
2014-10-25 08:24:41,518+0000 DEBUG swift JOB_START jobid=bash-kfuaebzl tr=bash arguments=[wordcount.sh, inputs/output-ab.txt] tmpdir=wordcount-run008/jobs/k/bash-kfuaebzl host=cloud-static
2014-10-25 08:24:41,518+0000 DEBUG swift THREAD_ASSOCIATION jobid=bash-mfuaebzl thread=R-3-6-2 host=cloud-static replicationGroup=null
2014-10-25 08:24:41,518+0000 DEBUG swift JOB_START jobid=bash-mfuaebzl tr=bash arguments=[wordcount.sh, inputs/output-ad.txt] tmpdir=wordcount-run008/jobs/m/bash-mfuaebzl host=cloud-static
2014-10-25 08:24:41,519+0000 DEBUG swift THREAD_ASSOCIATION jobid=bash-nfuaebzl thread=R-3-0-2 host=cloud-static replicationGroup=null
2014-10-25 08:24:41,519+0000 DEBUG swift JOB_START jobid=bash-nfuaebzl tr=bash arguments=[wordcount.sh, inputs/output-ah.txt] tmpdir=wordcount-run008/jobs/n/bash-nfuaebzl host=cloud-static
2014-10-25 08:24:41,528+0000 INFO  Execute JOB_TASK jobid=bash-kfuaebzl taskid=urn:R-3-4-2-1414225479392 exec=/bin/bash dir=wordcount-run008/jobs/k/bash-kfuaebzl args=_swiftwrap.staging -e bash -out output/sim_4.out -err output/sim_4.log -i -d inputs|output -if inputs/output-ab.txt|wordcount.sh -of output/sim_4.out|output/sim_4.log -cf  -cdmfile  -status provider -a wordcount.sh inputs/output-ab.txt
2014-10-25 08:24:41,529+0000 INFO  Execute JOB_TASK jobid=bash-mfuaebzl taskid=urn:R-3-6-2-1414225479393 exec=/bin/bash dir=wordcount-run008/jobs/m/bash-mfuaebzl args=_swiftwrap.staging -e bash -out output/sim_6.out -err output/sim_6.log -i -d inputs|output -if inputs/output-ad.txt|wordcount.sh -of output/sim_6.out|output/sim_6.log -cf  -cdmfile  -status provider -a wordcount.sh inputs/output-ad.txt
2014-10-25 08:24:41,529+0000 DEBUG swift THREAD_ASSOCIATION jobid=bash-ofuaebzl thread=R-3-7-2 host=cloud-static replicationGroup=null
2014-10-25 08:24:41,530+0000 DEBUG swift JOB_START jobid=bash-ofuaebzl tr=bash arguments=[wordcount.sh, inputs/output-aa.txt] tmpdir=wordcount-run008/jobs/o/bash-ofuaebzl host=cloud-static
2014-10-25 08:24:41,530+0000 INFO  Execute JOB_TASK jobid=bash-ofuaebzl taskid=urn:R-3-7-2-1414225479395 exec=/bin/bash dir=wordcount-run008/jobs/o/bash-ofuaebzl args=_swiftwrap.staging -e bash -out output/sim_7.out -err output/sim_7.log -i -d inputs|output -if inputs/output-aa.txt|wordcount.sh -of output/sim_7.out|output/sim_7.log -cf  -cdmfile  -status provider -a wordcount.sh inputs/output-aa.txt
2014-10-25 08:24:41,531+0000 DEBUG swift THREAD_ASSOCIATION jobid=bash-pfuaebzl thread=R-3-8-2 host=cloud-static replicationGroup=null
2014-10-25 08:24:41,531+0000 DEBUG swift JOB_START jobid=bash-pfuaebzl tr=bash arguments=[wordcount.sh, inputs/output-ak.txt] tmpdir=wordcount-run008/jobs/p/bash-pfuaebzl host=cloud-static
2014-10-25 08:24:41,531+0000 INFO  Execute JOB_TASK jobid=bash-pfuaebzl taskid=urn:R-3-8-2-1414225479397 exec=/bin/bash dir=wordcount-run008/jobs/p/bash-pfuaebzl args=_swiftwrap.staging -e bash -out output/sim_8.out -err output/sim_8.log -i -d inputs|output -if inputs/output-ak.txt|wordcount.sh -of output/sim_8.log|output/sim_8.out -cf  -cdmfile  -status provider -a wordcount.sh inputs/output-ak.txt
2014-10-25 08:24:41,532+0000 DEBUG swift THREAD_ASSOCIATION jobid=bash-qfuaebzl thread=R-3-9-2 host=cloud-static replicationGroup=null
2014-10-25 08:24:41,532+0000 DEBUG swift JOB_START jobid=bash-qfuaebzl tr=bash arguments=[wordcount.sh, inputs/output-ag.txt] tmpdir=wordcount-run008/jobs/q/bash-qfuaebzl host=cloud-static
2014-10-25 08:24:41,532+0000 INFO  Execute JOB_TASK jobid=bash-qfuaebzl taskid=urn:R-3-9-2-1414225479399 exec=/bin/bash dir=wordcount-run008/jobs/q/bash-qfuaebzl args=_swiftwrap.staging -e bash -out output/sim_9.out -err output/sim_9.log -i -d inputs|output -if inputs/output-ag.txt|wordcount.sh -of output/sim_9.out|output/sim_9.log -cf  -cdmfile  -status provider -a wordcount.sh inputs/output-ag.txt
2014-10-25 08:24:41,532+0000 DEBUG swift THREAD_ASSOCIATION jobid=bash-rfuaebzl thread=R-3x2-2 host=cloud-static replicationGroup=null
2014-10-25 08:24:41,533+0000 INFO  Execute JOB_TASK jobid=bash-lfuaebzl taskid=urn:R-3-5-2-1414225479400 exec=/bin/bash dir=wordcount-run008/jobs/l/bash-lfuaebzl args=_swiftwrap.staging -e bash -out output/sim_5.out -err output/sim_5.log -i -d inputs|output -if inputs/output-af.txt|wordcount.sh -of output/sim_5.out|output/sim_5.log -cf  -cdmfile  -status provider -a wordcount.sh inputs/output-af.txt
2014-10-25 08:24:41,533+0000 DEBUG swift THREAD_ASSOCIATION jobid=bash-sfuaebzl thread=R-3-1-2 host=cloud-static replicationGroup=null
2014-10-25 08:24:41,533+0000 DEBUG swift JOB_START jobid=bash-sfuaebzl tr=bash arguments=[wordcount.sh, inputs/output-aj.txt] tmpdir=wordcount-run008/jobs/s/bash-sfuaebzl host=cloud-static
2014-10-25 08:24:41,534+0000 INFO  Execute JOB_TASK jobid=bash-sfuaebzl taskid=urn:R-3-1-2-1414225479402 exec=/bin/bash dir=wordcount-run008/jobs/s/bash-sfuaebzl args=_swiftwrap.staging -e bash -out output/sim_1.out -err output/sim_1.log -i -d inputs|output -if inputs/output-aj.txt|wordcount.sh -of output/sim_1.out|output/sim_1.log -cf  -cdmfile  -status provider -a wordcount.sh inputs/output-aj.txt
2014-10-25 08:24:41,534+0000 DEBUG swift THREAD_ASSOCIATION jobid=bash-tfuaebzl thread=R-3-2x2 host=cloud-static replicationGroup=null
2014-10-25 08:24:41,535+0000 DEBUG swift JOB_START jobid=bash-tfuaebzl tr=bash arguments=[wordcount.sh, inputs/output-ai.txt] tmpdir=wordcount-run008/jobs/t/bash-tfuaebzl host=cloud-static
2014-10-25 08:24:41,535+0000 INFO  Execute JOB_TASK jobid=bash-nfuaebzl taskid=urn:R-3-0-2-1414225479403 exec=/bin/bash dir=wordcount-run008/jobs/n/bash-nfuaebzl args=_swiftwrap.staging -e bash -out output/sim_0.out -err output/sim_0.log -i -d inputs|output -if inputs/output-ah.txt|wordcount.sh -of output/sim_0.log|output/sim_0.out -cf  -cdmfile  -status provider -a wordcount.sh inputs/output-ah.txt
2014-10-25 08:24:41,535+0000 INFO  Execute JOB_TASK jobid=bash-tfuaebzl taskid=urn:R-3-2x2-1414225479405 exec=/bin/bash dir=wordcount-run008/jobs/t/bash-tfuaebzl args=_swiftwrap.staging -e bash -out output/sim_2.out -err output/sim_2.log -i -d inputs|output -if inputs/output-ai.txt|wordcount.sh -of output/sim_2.log|output/sim_2.out -cf  -cdmfile  -status provider -a wordcount.sh inputs/output-ai.txt
2014-10-25 08:24:41,535+0000 DEBUG swift JOB_START jobid=bash-rfuaebzl tr=bash arguments=[wordcount.sh, inputs/output-ae.txt] tmpdir=wordcount-run008/jobs/r/bash-rfuaebzl host=cloud-static
2014-10-25 08:24:41,536+0000 INFO  Execute JOB_TASK jobid=bash-rfuaebzl taskid=urn:R-3x2-2-1414225479408 exec=/bin/bash dir=wordcount-run008/jobs/r/bash-rfuaebzl args=_swiftwrap.staging -e bash -out output/sim_3.out -err output/sim_3.log -i -d inputs|output -if inputs/output-ae.txt|wordcount.sh -of output/sim_3.out|output/sim_3.log -cf  -cdmfile  -status provider -a wordcount.sh inputs/output-ae.txt
2014-10-25 08:24:41,539+0000 DEBUG swift THREAD_ASSOCIATION jobid=bash-ufuaebzl thread=R-3-10-2 host=cloud-static replicationGroup=null
2014-10-25 08:24:41,539+0000 DEBUG swift JOB_START jobid=bash-ufuaebzl tr=bash arguments=[wordcount.sh, inputs/output-ac.txt] tmpdir=wordcount-run008/jobs/u/bash-ufuaebzl host=cloud-static
2014-10-25 08:24:41,541+0000 INFO  Execute TASK_STATUS_CHANGE taskid=urn:R-3-6-2-1414225479393 status=8
2014-10-25 08:24:41,541+0000 INFO  Execute TASK_STATUS_CHANGE taskid=urn:R-3-4-2-1414225479392 status=8
2014-10-25 08:24:41,547+0000 INFO  Execute JOB_TASK jobid=bash-ufuaebzl taskid=urn:R-3-10-2-1414225479410 exec=/bin/bash dir=wordcount-run008/jobs/u/bash-ufuaebzl args=_swiftwrap.staging -e bash -out output/sim_10.out -err output/sim_10.log -i -d inputs|output -if inputs/output-ac.txt|wordcount.sh -of output/sim_10.log|output/sim_10.out -cf  -cdmfile  -status provider -a wordcount.sh inputs/output-ac.txt
2014-10-25 08:24:41,566+0000 INFO  AbstractCoasterChannel TCPChannel[client, http://127.0.0.1:50010] setting name to http://127.0.0.1:50010
2014-10-25 08:24:41,574+0000 INFO  AbstractTCPChannel http://127.0.0.1:50010: channel started
2014-10-25 08:24:41,575+0000 INFO  AbstractCoasterChannel Timeout check started for http://127.0.0.1:50010
2014-10-25 08:24:41,577+0000 INFO  AbstractStreamCoasterChannel Using NIO sender for http://127.0.0.1:50010
2014-10-25 08:24:41,608+0000 INFO  Execute TASK_STATUS_CHANGE taskid=urn:R-3-7-2-1414225479395 status=8
2014-10-25 08:24:41,608+0000 INFO  Execute TASK_STATUS_CHANGE taskid=urn:R-3-8-2-1414225479397 status=8
2014-10-25 08:24:41,609+0000 INFO  Execute TASK_STATUS_CHANGE taskid=urn:R-3-9-2-1414225479399 status=8
2014-10-25 08:24:41,609+0000 INFO  Execute TASK_STATUS_CHANGE taskid=urn:R-3-5-2-1414225479400 status=8
2014-10-25 08:24:41,610+0000 INFO  Execute TASK_STATUS_CHANGE taskid=urn:R-3-1-2-1414225479402 status=8
2014-10-25 08:24:41,610+0000 INFO  Execute TASK_STATUS_CHANGE taskid=urn:R-3-0-2-1414225479403 status=8
2014-10-25 08:24:41,611+0000 INFO  Execute TASK_STATUS_CHANGE taskid=urn:R-3-2x2-1414225479405 status=8
2014-10-25 08:24:41,611+0000 INFO  Execute TASK_STATUS_CHANGE taskid=urn:R-3x2-2-1414225479408 status=8
2014-10-25 08:24:41,611+0000 INFO  Execute TASK_STATUS_CHANGE taskid=urn:R-3-10-2-1414225479410 status=8
2014-10-25 08:24:41,703+0000 INFO  Execute TASK_STATUS_CHANGE taskid=urn:R-3-4-2-1414225479392 status=1
2014-10-25 08:24:41,703+0000 INFO  Execute TASK_STATUS_CHANGE taskid=urn:R-3-7-2-1414225479395 status=1
2014-10-25 08:24:41,703+0000 INFO  Execute TASK_STATUS_CHANGE taskid=urn:R-3-8-2-1414225479397 status=1
2014-10-25 08:24:41,703+0000 INFO  Execute TASK_STATUS_CHANGE taskid=urn:R-3-9-2-1414225479399 status=1
2014-10-25 08:24:41,704+0000 INFO  Execute TASK_STATUS_CHANGE taskid=urn:R-3-5-2-1414225479400 status=1
2014-10-25 08:24:41,704+0000 INFO  Execute TASK_STATUS_CHANGE taskid=urn:R-3-1-2-1414225479402 status=1
2014-10-25 08:24:41,704+0000 INFO  Execute TASK_STATUS_CHANGE taskid=urn:R-3-0-2-1414225479403 status=1
2014-10-25 08:24:41,704+0000 INFO  Execute TASK_STATUS_CHANGE taskid=urn:R-3-2x2-1414225479405 status=1
2014-10-25 08:24:41,704+0000 INFO  Execute TASK_STATUS_CHANGE taskid=urn:R-3-6-2-1414225479393 status=1
2014-10-25 08:24:41,704+0000 INFO  Execute TASK_STATUS_CHANGE taskid=urn:R-3x2-2-1414225479408 status=1
2014-10-25 08:24:41,704+0000 INFO  Execute TASK_STATUS_CHANGE taskid=urn:R-3-10-2-1414225479410 status=1
2014-10-25 08:24:41,710+0000 INFO  Execute TASK_STATUS_CHANGE taskid=urn:R-3-4-2-1414225479392 status=16 workerid=ip-172-31-28-214:000000
2014-10-25 08:24:41,715+0000 INFO  GetFileHandler Handler(tag: 19, GET) request complete; src=file://localhost//home/ubuntu/data/swift-cloud-tutorial/wcount/wordcount.sh
2014-10-25 08:24:41,720+0000 INFO  GetFileHandler Handler(tag: 19, GET) reader: LR-Handler(tag: 19, GET)
2014-10-25 08:24:41,720+0000 INFO  GetFileHandler Handler(tag: 19, GET) sending length: 483, 1422398861
2014-10-25 08:24:41,726+0000 INFO  ReadBuffer RB-LR-Handler(tag: 19, GET) will ask for 1 buffers for a size of 483
2014-10-25 08:24:41,727+0000 INFO  ReadBuffer RB-LR-Handler(tag: 19, GET) actual allocated buffers 1(0 queued)
2014-10-25 08:24:41,727+0000 INFO  LocalIOProvider LR-Handler(tag: 19, GET) rbuf: RB-LR-Handler(tag: 19, GET)
2014-10-25 08:24:41,729+0000 INFO  GetFileHandler Handler(tag: 19, GET) unregistering (last)
2014-10-25 08:24:41,729+0000 INFO  ReadBuffer RB-LR-Handler(tag: -1, GET) de-allocating 1 buffers
2014-10-25 08:24:41,730+0000 INFO  Execute TASK_STATUS_CHANGE taskid=urn:R-3-7-2-1414225479395 status=16 workerid=ip-172-31-17-125:000000
2014-10-25 08:24:41,731+0000 INFO  Execute TASK_STATUS_CHANGE taskid=urn:R-3-9-2-1414225479399 status=16 workerid=ip-172-31-20-87:000000
2014-10-25 08:24:41,731+0000 INFO  Execute TASK_STATUS_CHANGE taskid=urn:R-3-5-2-1414225479400 status=16 workerid=ip-172-31-24-237:000000
2014-10-25 08:24:41,732+0000 INFO  Execute TASK_STATUS_CHANGE taskid=urn:R-3-8-2-1414225479397 status=16 workerid=ip-172-31-18-166:000000
2014-10-25 08:24:41,732+0000 INFO  Execute TASK_STATUS_CHANGE taskid=urn:R-3-1-2-1414225479402 status=16 workerid=ip-172-31-21-75:000000
2014-10-25 08:24:41,733+0000 INFO  Execute TASK_STATUS_CHANGE taskid=urn:R-3-0-2-1414225479403 status=16 workerid=ip-172-31-20-100:000000
2014-10-25 08:24:41,734+0000 INFO  Execute TASK_STATUS_CHANGE taskid=urn:R-3-2x2-1414225479405 status=16 workerid=ip-172-31-17-107:000000
2014-10-25 08:24:41,734+0000 INFO  GetFileHandler Handler(tag: 32, GET) request complete; src=file://localhost//home/ubuntu/data/swift-cloud-tutorial/wcount/inputs/output-aa.txt
2014-10-25 08:24:41,734+0000 INFO  GetFileHandler Handler(tag: 32, GET) reader: LR-Handler(tag: 32, GET)
2014-10-25 08:24:41,734+0000 INFO  GetFileHandler Handler(tag: 32, GET) sending length: 1000000000, 1579922791
2014-10-25 08:24:41,735+0000 INFO  ReadBuffer RB-LR-Handler(tag: 32, GET) will ask for 8 buffers for a size of 1000000000
2014-10-25 08:24:41,735+0000 INFO  ReadBuffer RB-LR-Handler(tag: 32, GET) actual allocated buffers 8(0 queued)
2014-10-25 08:24:41,735+0000 INFO  LocalIOProvider LR-Handler(tag: 32, GET) rbuf: RB-LR-Handler(tag: 32, GET)
2014-10-25 08:24:41,735+0000 INFO  Execute TASK_STATUS_CHANGE taskid=urn:R-3x2-2-1414225479408 status=16 workerid=ip-172-31-21-89:000000
2014-10-25 08:24:41,736+0000 INFO  Execute TASK_STATUS_CHANGE taskid=urn:R-3-6-2-1414225479393 status=16 workerid=ip-172-31-30-247:000000
2014-10-25 08:24:41,736+0000 INFO  GetFileHandler Handler(tag: 35, GET) request complete; src=file://localhost//home/ubuntu/data/swift-cloud-tutorial/wcount/inputs/output-ag.txt
2014-10-25 08:24:41,736+0000 INFO  GetFileHandler Handler(tag: 35, GET) reader: LR-Handler(tag: 35, GET)
2014-10-25 08:24:41,736+0000 INFO  GetFileHandler Handler(tag: 35, GET) sending length: 1000000000, 1472301930
2014-10-25 08:24:41,736+0000 INFO  ReadBuffer RB-LR-Handler(tag: 35, GET) will ask for 8 buffers for a size of 1000000000
2014-10-25 08:24:41,736+0000 INFO  ReadBuffer RB-LR-Handler(tag: 35, GET) actual allocated buffers 8(0 queued)
2014-10-25 08:24:41,737+0000 INFO  LocalIOProvider LR-Handler(tag: 35, GET) rbuf: RB-LR-Handler(tag: 35, GET)
2014-10-25 08:24:41,737+0000 INFO  Execute TASK_STATUS_CHANGE taskid=urn:R-3-10-2-1414225479410 status=16 workerid=ip-172-31-16-173:000000
2014-10-25 08:24:41,738+0000 INFO  GetFileHandler Handler(tag: 37, GET) request complete; src=file://localhost//home/ubuntu/data/swift-cloud-tutorial/wcount/inputs/output-af.txt
2014-10-25 08:24:41,738+0000 INFO  GetFileHandler Handler(tag: 37, GET) reader: LR-Handler(tag: 37, GET)
2014-10-25 08:24:41,738+0000 INFO  GetFileHandler Handler(tag: 37, GET) sending length: 1000000000, 914074262
2014-10-25 08:24:41,738+0000 INFO  ReadBuffer RB-LR-Handler(tag: 37, GET) will ask for 8 buffers for a size of 1000000000
2014-10-25 08:24:41,738+0000 INFO  ReadBuffer RB-LR-Handler(tag: 37, GET) actual allocated buffers 8(0 queued)
2014-10-25 08:24:41,738+0000 INFO  LocalIOProvider LR-Handler(tag: 37, GET) rbuf: RB-LR-Handler(tag: 37, GET)
2014-10-25 08:24:41,738+0000 INFO  GetFileHandler Handler(tag: 38, GET) request complete; src=file://localhost//home/ubuntu/data/swift-cloud-tutorial/wcount/inputs/output-ak.txt
2014-10-25 08:24:41,738+0000 INFO  GetFileHandler Handler(tag: 38, GET) reader: LR-Handler(tag: 38, GET)
2014-10-25 08:24:41,738+0000 INFO  GetFileHandler Handler(tag: 38, GET) sending length: 400000000, 534073207
2014-10-25 08:24:41,739+0000 INFO  ReadBuffer RB-LR-Handler(tag: 38, GET) will ask for 8 buffers for a size of 400000000
2014-10-25 08:24:41,739+0000 INFO  ReadBuffer RB-LR-Handler(tag: 38, GET) actual allocated buffers 8(0 queued)
2014-10-25 08:24:41,739+0000 INFO  LocalIOProvider LR-Handler(tag: 38, GET) rbuf: RB-LR-Handler(tag: 38, GET)
2014-10-25 08:24:41,739+0000 INFO  GetFileHandler Handler(tag: 39, GET) request complete; src=file://localhost//home/ubuntu/data/swift-cloud-tutorial/wcount/inputs/output-aj.txt
2014-10-25 08:24:41,739+0000 INFO  GetFileHandler Handler(tag: 39, GET) reader: LR-Handler(tag: 39, GET)
2014-10-25 08:24:41,739+0000 INFO  GetFileHandler Handler(tag: 39, GET) sending length: 1000000000, 1397946732
2014-10-25 08:24:41,739+0000 INFO  ReadBuffer RB-LR-Handler(tag: 39, GET) will ask for 8 buffers for a size of 1000000000
2014-10-25 08:24:41,739+0000 INFO  ReadBuffer RB-LR-Handler(tag: 39, GET) actual allocated buffers 8(0 queued)
2014-10-25 08:24:41,739+0000 INFO  LocalIOProvider LR-Handler(tag: 39, GET) rbuf: RB-LR-Handler(tag: 39, GET)
2014-10-25 08:24:41,740+0000 INFO  GetFileHandler Handler(tag: 40, GET) request complete; src=file://localhost//home/ubuntu/data/swift-cloud-tutorial/wcount/inputs/output-ah.txt
2014-10-25 08:24:41,740+0000 INFO  GetFileHandler Handler(tag: 40, GET) reader: LR-Handler(tag: 40, GET)
2014-10-25 08:24:41,740+0000 INFO  GetFileHandler Handler(tag: 40, GET) sending length: 1000000000, 1813235906
2014-10-25 08:24:41,740+0000 INFO  ReadBuffer RB-LR-Handler(tag: 40, GET) will ask for 8 buffers for a size of 1000000000
2014-10-25 08:24:41,740+0000 INFO  ReadBuffer RB-LR-Handler(tag: 40, GET) actual allocated buffers 8(0 queued)
2014-10-25 08:24:41,740+0000 INFO  LocalIOProvider LR-Handler(tag: 40, GET) rbuf: RB-LR-Handler(tag: 40, GET)
2014-10-25 08:24:41,740+0000 INFO  GetFileHandler Handler(tag: 41, GET) request complete; src=file://localhost//home/ubuntu/data/swift-cloud-tutorial/wcount/inputs/output-ai.txt
2014-10-25 08:24:41,740+0000 INFO  GetFileHandler Handler(tag: 41, GET) reader: LR-Handler(tag: 41, GET)
2014-10-25 08:24:41,740+0000 INFO  GetFileHandler Handler(tag: 41, GET) sending length: 1000000000, 2080338238
2014-10-25 08:24:41,740+0000 INFO  ReadBuffer RB-LR-Handler(tag: 41, GET) will ask for 8 buffers for a size of 1000000000
2014-10-25 08:24:41,740+0000 INFO  ReadBuffer RB-LR-Handler(tag: 41, GET) actual allocated buffers 8(0 queued)
2014-10-25 08:24:41,741+0000 INFO  LocalIOProvider LR-Handler(tag: 41, GET) rbuf: RB-LR-Handler(tag: 41, GET)
2014-10-25 08:24:41,741+0000 INFO  GetFileHandler Handler(tag: 42, GET) request complete; src=file://localhost//home/ubuntu/data/swift-cloud-tutorial/wcount/inputs/output-ae.txt
2014-10-25 08:24:41,741+0000 INFO  GetFileHandler Handler(tag: 42, GET) reader: LR-Handler(tag: 42, GET)
2014-10-25 08:24:41,741+0000 INFO  GetFileHandler Handler(tag: 42, GET) sending length: 1000000000, 1285564706
2014-10-25 08:24:41,741+0000 INFO  ReadBuffer RB-LR-Handler(tag: 42, GET) will ask for 8 buffers for a size of 1000000000
2014-10-25 08:24:41,741+0000 INFO  ReadBuffer RB-LR-Handler(tag: 42, GET) actual allocated buffers 8(0 queued)
2014-10-25 08:24:41,741+0000 INFO  LocalIOProvider LR-Handler(tag: 42, GET) rbuf: RB-LR-Handler(tag: 42, GET)
2014-10-25 08:24:41,741+0000 INFO  GetFileHandler Handler(tag: 43, GET) request complete; src=file://localhost//home/ubuntu/data/swift-cloud-tutorial/wcount/inputs/output-ad.txt
2014-10-25 08:24:41,742+0000 INFO  GetFileHandler Handler(tag: 43, GET) reader: LR-Handler(tag: 43, GET)
2014-10-25 08:24:41,742+0000 INFO  GetFileHandler Handler(tag: 43, GET) sending length: 1000000000, 1889126687
2014-10-25 08:24:41,742+0000 INFO  ReadBuffer RB-LR-Handler(tag: 43, GET) will ask for 8 buffers for a size of 1000000000
2014-10-25 08:24:41,742+0000 INFO  ReadBuffer RB-LR-Handler(tag: 43, GET) actual allocated buffers 8(0 queued)
2014-10-25 08:24:41,742+0000 INFO  LocalIOProvider LR-Handler(tag: 43, GET) rbuf: RB-LR-Handler(tag: 43, GET)
2014-10-25 08:24:41,742+0000 INFO  GetFileHandler Handler(tag: 44, GET) request complete; src=file://localhost//home/ubuntu/data/swift-cloud-tutorial/wcount/inputs/output-ac.txt
2014-10-25 08:24:41,742+0000 INFO  GetFileHandler Handler(tag: 44, GET) reader: LR-Handler(tag: 44, GET)
2014-10-25 08:24:41,742+0000 INFO  GetFileHandler Handler(tag: 44, GET) sending length: 1000000000, 2142910985
2014-10-25 08:24:41,742+0000 INFO  ReadBuffer RB-LR-Handler(tag: 44, GET) will ask for 8 buffers for a size of 1000000000
2014-10-25 08:24:41,742+0000 INFO  ReadBuffer RB-LR-Handler(tag: 44, GET) actual allocated buffers 8(0 queued)
2014-10-25 08:24:41,742+0000 INFO  LocalIOProvider LR-Handler(tag: 44, GET) rbuf: RB-LR-Handler(tag: 44, GET)
2014-10-25 08:24:41,759+0000 INFO  GetFileHandler Handler(tag: 45, GET) request complete; src=file://localhost//home/ubuntu/data/swift-cloud-tutorial/wcount/inputs/output-ab.txt
2014-10-25 08:24:41,759+0000 INFO  GetFileHandler Handler(tag: 45, GET) reader: LR-Handler(tag: 45, GET)
2014-10-25 08:24:41,759+0000 INFO  GetFileHandler Handler(tag: 45, GET) sending length: 1000000000, 1870740512
2014-10-25 08:24:41,759+0000 INFO  ReadBuffer RB-LR-Handler(tag: 45, GET) will ask for 8 buffers for a size of 1000000000
2014-10-25 08:24:41,759+0000 INFO  ReadBuffer RB-LR-Handler(tag: 45, GET) actual allocated buffers 8(0 queued)
2014-10-25 08:24:41,759+0000 INFO  LocalIOProvider LR-Handler(tag: 45, GET) rbuf: RB-LR-Handler(tag: 45, GET)
2014-10-25 08:24:42,489+0000 INFO  RuntimeStats$ProgressTicker HeapMax: 954728448, CrtHeap: 75497472, UsedHeap: 30953720, JVMThreads: 20
2014-10-25 08:24:42,489+0000 INFO  RuntimeStats$ProgressTicker   Stage in:11
2014-10-25 08:24:42,865+0000 INFO  GetFileHandler Handler(tag: 38, GET) suspending
2014-10-25 08:24:42,870+0000 INFO  GetFileHandler Handler(tag: 40, GET) suspending
2014-10-25 08:24:42,876+0000 INFO  GetFileHandler Handler(tag: 43, GET) suspending
2014-10-25 08:24:43,490+0000 INFO  RuntimeStats$ProgressTicker HeapMax: 954728448, CrtHeap: 75497472, UsedHeap: 32904312, JVMThreads: 20
2014-10-25 08:24:43,982+0000 INFO  GetFileHandler Handler(tag: 38, GET) resuming
2014-10-25 08:24:43,983+0000 INFO  GetFileHandler Handler(tag: 40, GET) resuming
2014-10-25 08:24:44,490+0000 INFO  RuntimeStats$ProgressTicker HeapMax: 954728448, CrtHeap: 75497472, UsedHeap: 35505232, JVMThreads: 20
2014-10-25 08:24:45,490+0000 INFO  RuntimeStats$ProgressTicker HeapMax: 954728448, CrtHeap: 75497472, UsedHeap: 36480512, JVMThreads: 20
2014-10-25 08:24:46,491+0000 INFO  RuntimeStats$ProgressTicker HeapMax: 954728448, CrtHeap: 75497472, UsedHeap: 37455768, JVMThreads: 20
2014-10-25 08:24:47,491+0000 INFO  RuntimeStats$ProgressTicker HeapMax: 954728448, CrtHeap: 75497472, UsedHeap: 38105960, JVMThreads: 20
2014-10-25 08:24:48,491+0000 INFO  RuntimeStats$ProgressTicker HeapMax: 954728448, CrtHeap: 75497472, UsedHeap: 38756144, JVMThreads: 20
2014-10-25 08:24:49,492+0000 INFO  RuntimeStats$ProgressTicker HeapMax: 954728448, CrtHeap: 75497472, UsedHeap: 39081248, JVMThreads: 20
2014-10-25 08:24:50,492+0000 INFO  RuntimeStats$ProgressTicker HeapMax: 954728448, CrtHeap: 75497472, UsedHeap: 39731432, JVMThreads: 20
2014-10-25 08:24:51,492+0000 INFO  RuntimeStats$ProgressTicker HeapMax: 954728448, CrtHeap: 75497472, UsedHeap: 40706728, JVMThreads: 20
2014-10-25 08:24:52,492+0000 INFO  RuntimeStats$ProgressTicker HeapMax: 954728448, CrtHeap: 75497472, UsedHeap: 41356920, JVMThreads: 20
